#
# There is insufficient memory for the Java Runtime Environment to continue.
# Native memory allocation (malloc) failed to allocate 1246272 bytes. Error detail: Chunk::new
# Possible reasons:
#   The system is out of physical RAM or swap space
#   This process is running with CompressedOops enabled, and the Java Heap may be blocking the growth of the native heap
# Possible solutions:
#   Reduce memory load on the system
#   Increase physical memory or swap space
#   Check if swap backing store is full
#   Decrease Java heap size (-Xmx/-Xms)
#   Decrease number of Java threads
#   Decrease Java thread stack sizes (-Xss)
#   Set larger code cache with -XX:ReservedCodeCacheSize=
#   JVM is running with Zero Based Compressed Oops mode in which the Java heap is
#     placed in the first 32GB address space. The Java Heap base address is the
#     maximum limit for the native heap growth. Please use -XX:HeapBaseMinAddress
#     to set the Java Heap base and to place the Java Heap above 32GB virtual address.
# This output file may be truncated or incomplete.
#
#  Out of Memory Error (arena.cpp:191), pid=22196, tid=9608
#
# JRE version: OpenJDK Runtime Environment (17.0.11) (build 17.0.11+0--11852314)
# Java VM: OpenJDK 64-Bit Server VM (17.0.11+0--11852314, mixed mode, tiered, compressed oops, compressed class ptrs, g1 gc, windows-amd64)
# No core dump will be written. Minidumps are not enabled by default on client versions of Windows
#

---------------  S U M M A R Y ------------

Command Line: org.jetbrains.kotlin.cli.jvm.K2JVMCompiler @D:\School\MobileDev\Bankning-App-UI-main\app\build\20241212_9461590783566074116.compiler.options

Host: AMD Ryzen 5 3600 6-Core Processor              , 12 cores, 23G,  Windows 10 , 64 bit Build 19041 (10.0.19041.5072)
Time: Thu Dec 12 18:07:18 2024 Malay Peninsula Standard Time elapsed time: 7.950090 seconds (0d 0h 0m 7s)

---------------  T H R E A D  ---------------

Current thread (0x0000023a280a1a50):  JavaThread "C2 CompilerThread1" daemon [_thread_in_native, id=9608, stack(0x00000067c7d00000,0x00000067c7e00000)]


Current CompileTask:
C2:   7950 10041       4       org.jetbrains.kotlin.resolve.calls.util.CallUtilKt::getCall (227 bytes)

Stack: [0x00000067c7d00000,0x00000067c7e00000]
Native frames: (J=compiled Java code, j=interpreted, Vv=VM code, C=native code)
V  [jvm.dll+0x687bb9]
V  [jvm.dll+0x84142a]
V  [jvm.dll+0x8430ae]
V  [jvm.dll+0x843713]
V  [jvm.dll+0x24a35f]
V  [jvm.dll+0xac544]
V  [jvm.dll+0xacb8c]
V  [jvm.dll+0x369c37]
V  [jvm.dll+0x33416a]
V  [jvm.dll+0x33360a]
V  [jvm.dll+0x21bed1]
V  [jvm.dll+0x21b311]
V  [jvm.dll+0x1a63ed]
V  [jvm.dll+0x22b1ee]
V  [jvm.dll+0x229375]
V  [jvm.dll+0x7f5647]
V  [jvm.dll+0x7efa4a]
V  [jvm.dll+0x686a35]
C  [ucrtbase.dll+0x21bb2]
C  [KERNEL32.DLL+0x17374]
C  [ntdll.dll+0x4cc91]


---------------  P R O C E S S  ---------------

Threads class SMR info:
_java_thread_list=0x0000023a2901ac10, length=14, elements={
0x0000023a7fb2c910, 0x0000023a28066610, 0x0000023a280673a0, 0x0000023a2804e220,
0x0000023a28050100, 0x0000023a280529e0, 0x0000023a280532b0, 0x0000023a28053eb0,
0x0000023a280a2f90, 0x0000023a280a4370, 0x0000023a28226fe0, 0x0000023a28236e80,
0x0000023a280a1a50, 0x0000023a280a1fa0
}

Java Threads: ( => current thread )
  0x0000023a7fb2c910 JavaThread "main" [_thread_in_Java, id=8048, stack(0x00000067c6900000,0x00000067c6a00000)]
  0x0000023a28066610 JavaThread "Reference Handler" daemon [_thread_blocked, id=18384, stack(0x00000067c7000000,0x00000067c7100000)]
  0x0000023a280673a0 JavaThread "Finalizer" daemon [_thread_blocked, id=12416, stack(0x00000067c7100000,0x00000067c7200000)]
  0x0000023a2804e220 JavaThread "Signal Dispatcher" daemon [_thread_blocked, id=24492, stack(0x00000067c7200000,0x00000067c7300000)]
  0x0000023a28050100 JavaThread "Attach Listener" daemon [_thread_blocked, id=6104, stack(0x00000067c7300000,0x00000067c7400000)]
  0x0000023a280529e0 JavaThread "Service Thread" daemon [_thread_blocked, id=25176, stack(0x00000067c7400000,0x00000067c7500000)]
  0x0000023a280532b0 JavaThread "Monitor Deflation Thread" daemon [_thread_blocked, id=24712, stack(0x00000067c7500000,0x00000067c7600000)]
  0x0000023a28053eb0 JavaThread "C2 CompilerThread0" daemon [_thread_in_native, id=8224, stack(0x00000067c7600000,0x00000067c7700000)]
  0x0000023a280a2f90 JavaThread "C1 CompilerThread0" daemon [_thread_in_native, id=23840, stack(0x00000067c7700000,0x00000067c7800000)]
  0x0000023a280a4370 JavaThread "Sweeper thread" daemon [_thread_blocked, id=20604, stack(0x00000067c7800000,0x00000067c7900000)]
  0x0000023a28226fe0 JavaThread "Notification Thread" daemon [_thread_blocked, id=12172, stack(0x00000067c7900000,0x00000067c7a00000)]
  0x0000023a28236e80 JavaThread "Common-Cleaner" daemon [_thread_blocked, id=23460, stack(0x00000067c7b00000,0x00000067c7c00000)]
=>0x0000023a280a1a50 JavaThread "C2 CompilerThread1" daemon [_thread_in_native, id=9608, stack(0x00000067c7d00000,0x00000067c7e00000)]
  0x0000023a280a1fa0 JavaThread "C2 CompilerThread2" daemon [_thread_blocked, id=18080, stack(0x00000067c8c00000,0x00000067c8d00000)]

Other Threads:
  0x0000023a23d5eb90 VMThread "VM Thread" [stack: 0x00000067c6f00000,0x00000067c7000000] [id=21872]
  0x0000023a282278c0 WatcherThread [stack: 0x00000067c7a00000,0x00000067c7b00000] [id=24812]
  0x0000023a7fbb77e0 GCTaskThread "GC Thread#0" [stack: 0x00000067c6a00000,0x00000067c6b00000] [id=9604]
  0x0000023a28783130 GCTaskThread "GC Thread#1" [stack: 0x00000067c7e00000,0x00000067c7f00000] [id=24916]
  0x0000023a28700980 GCTaskThread "GC Thread#2" [stack: 0x00000067c7f00000,0x00000067c8000000] [id=11412]
  0x0000023a287011f0 GCTaskThread "GC Thread#3" [stack: 0x00000067c8000000,0x00000067c8100000] [id=7620]
  0x0000023a287a1680 GCTaskThread "GC Thread#4" [stack: 0x00000067c8100000,0x00000067c8200000] [id=25392]
  0x0000023a287a5d60 GCTaskThread "GC Thread#5" [stack: 0x00000067c8200000,0x00000067c8300000] [id=14460]
  0x0000023a287a6830 GCTaskThread "GC Thread#6" [stack: 0x00000067c8300000,0x00000067c8400000] [id=20924]
  0x0000023a287a7300 GCTaskThread "GC Thread#7" [stack: 0x00000067c8400000,0x00000067c8500000] [id=15740]
  0x0000023a287a79d0 GCTaskThread "GC Thread#8" [stack: 0x00000067c8500000,0x00000067c8600000] [id=17472]
  0x0000023a2911ad30 GCTaskThread "GC Thread#9" [stack: 0x00000067c8600000,0x00000067c8700000] [id=3696]
  0x0000023a7fbc55e0 ConcurrentGCThread "G1 Main Marker" [stack: 0x00000067c6b00000,0x00000067c6c00000] [id=12376]
  0x0000023a7fbc5f10 ConcurrentGCThread "G1 Conc#0" [stack: 0x00000067c6c00000,0x00000067c6d00000] [id=21088]
  0x0000023a28dcfcf0 ConcurrentGCThread "G1 Conc#1" [stack: 0x00000067c8700000,0x00000067c8800000] [id=18072]
  0x0000023a290724f0 ConcurrentGCThread "G1 Conc#2" [stack: 0x00000067c8800000,0x00000067c8900000] [id=22824]
  0x0000023a23bf1c80 ConcurrentGCThread "G1 Refine#0" [stack: 0x00000067c6d00000,0x00000067c6e00000] [id=4016]
  0x0000023a29ab6cd0 ConcurrentGCThread "G1 Refine#1" [stack: 0x00000067c8900000,0x00000067c8a00000] [id=24936]
  0x0000023a29261830 ConcurrentGCThread "G1 Refine#2" [stack: 0x00000067c8a00000,0x00000067c8b00000] [id=25464]
  0x0000023a28d96430 ConcurrentGCThread "G1 Refine#3" [stack: 0x00000067c8b00000,0x00000067c8c00000] [id=21208]
  0x0000023a23bf25c0 ConcurrentGCThread "G1 Service" [stack: 0x00000067c6e00000,0x00000067c6f00000] [id=23504]

Threads with active compile tasks:
C2 CompilerThread0     7966 10114       4       org.jetbrains.kotlin.resolve.calls.inference.DescriptorRelatedInferenceUtilsKt::addSubsystemFromArgument (104 bytes)
C1 CompilerThread0     7966 10222       3       org.jetbrains.kotlin.resolve.calls.checkers.ImplicitNothingAsTypeParameterCallChecker::checkAgainstNotNothingExpectedType (49 bytes)
C2 CompilerThread1     7966 10041       4       org.jetbrains.kotlin.resolve.calls.util.CallUtilKt::getCall (227 bytes)
C2 CompilerThread2     7966 10218       4       org.jetbrains.kotlin.types.checker.ClassicTypeCheckerStateKt::createClassicTypeCheckerState$default (64 bytes)

VM state: not at safepoint (normal execution)

VM Mutex/Monitor currently owned by a thread:  ([mutex/lock_event])
[0x0000023a7fb28370] MethodCompileQueue_lock - owner thread: 0x0000000000000000

Heap address: 0x0000000680c00000, size: 6132 MB, Compressed Oops mode: Zero based, Oop shift amount: 3

CDS archive(s) not mapped
Compressed class space mapped at: 0x0000000800000000-0x0000000840000000, reserved size: 1073741824
Narrow klass base: 0x0000000800000000, Narrow klass shift: 0, Narrow klass range: 0x40000000

GC Precious Log:
 CPUs: 12 total, 12 available
 Memory: 24520M
 Large Page Support: Disabled
 NUMA Support: Disabled
 Compressed Oops: Enabled (Zero based)
 Heap Region Size: 4M
 Heap Min Capacity: 8M
 Heap Initial Capacity: 384M
 Heap Max Capacity: 6132M
 Pre-touch: Disabled
 Parallel Workers: 10
 Concurrent Workers: 3
 Concurrent Refinement Workers: 10
 Periodic GC: Disabled

Heap:
 garbage-first heap   total 409600K, used 101159K [0x0000000680c00000, 0x0000000800000000)
  region size 4096K, 6 young (24576K), 3 survivors (12288K)
 Metaspace       used 63587K, committed 63872K, reserved 1114112K
  class space    used 7162K, committed 7296K, reserved 1048576K

Heap Regions: E=young(eden), S=young(survivor), O=old, HS=humongous(starts), HC=humongous(continues), CS=collection set, F=free, OA=open archive, CA=closed archive, TAMS=top-at-mark-start (previous, next)
|   0|0x0000000680c00000, 0x0000000681000000, 0x0000000681000000|100%|HS|  |TAMS 0x0000000681000000, 0x0000000680c00000| Complete 
|   1|0x0000000681000000, 0x0000000681400000, 0x0000000681400000|100%| O|  |TAMS 0x0000000681400000, 0x0000000681000000| Untracked 
|   2|0x0000000681400000, 0x0000000681800000, 0x0000000681800000|100%|HS|  |TAMS 0x0000000681800000, 0x0000000681400000| Complete 
|   3|0x0000000681800000, 0x0000000681c00000, 0x0000000681c00000|100%| O|  |TAMS 0x0000000681c00000, 0x0000000681800000| Untracked 
|   4|0x0000000681c00000, 0x0000000682000000, 0x0000000682000000|100%| O|  |TAMS 0x0000000682000000, 0x0000000681c00000| Untracked 
|   5|0x0000000682000000, 0x0000000682292400, 0x0000000682400000| 64%| O|  |TAMS 0x0000000682292400, 0x0000000682000000| Untracked 
|   6|0x0000000682400000, 0x0000000682800000, 0x0000000682800000|100%| O|  |TAMS 0x0000000682800000, 0x0000000682400000| Untracked 
|   7|0x0000000682800000, 0x0000000682c00000, 0x0000000682c00000|100%| O|  |TAMS 0x0000000682c00000, 0x0000000682800000| Untracked 
|   8|0x0000000682c00000, 0x0000000683000000, 0x0000000683000000|100%| O|  |TAMS 0x0000000683000000, 0x0000000682c00000| Untracked 
|   9|0x0000000683000000, 0x0000000683400000, 0x0000000683400000|100%| O|  |TAMS 0x0000000683400000, 0x0000000683000000| Untracked 
|  10|0x0000000683400000, 0x0000000683800000, 0x0000000683800000|100%| O|  |TAMS 0x0000000683800000, 0x0000000683400000| Untracked 
|  11|0x0000000683800000, 0x0000000683c00000, 0x0000000683c00000|100%| O|  |TAMS 0x0000000683c00000, 0x0000000683800000| Untracked 
|  12|0x0000000683c00000, 0x0000000684000000, 0x0000000684000000|100%| O|  |TAMS 0x0000000684000000, 0x0000000683c00000| Untracked 
|  13|0x0000000684000000, 0x0000000684400000, 0x0000000684400000|100%| O|  |TAMS 0x0000000684400000, 0x0000000684000000| Untracked 
|  14|0x0000000684400000, 0x0000000684800000, 0x0000000684800000|100%| O|  |TAMS 0x0000000684800000, 0x0000000684400000| Untracked 
|  15|0x0000000684800000, 0x0000000684c00000, 0x0000000684c00000|100%| O|  |TAMS 0x0000000684c00000, 0x0000000684800000| Untracked 
|  16|0x0000000684c00000, 0x0000000685000000, 0x0000000685000000|100%| O|  |TAMS 0x0000000685000000, 0x0000000684c00000| Untracked 
|  17|0x0000000685000000, 0x0000000685400000, 0x0000000685400000|100%| O|  |TAMS 0x000000068504a600, 0x0000000685000000| Untracked 
|  18|0x0000000685400000, 0x0000000685800000, 0x0000000685800000|100%| O|  |TAMS 0x0000000685400000, 0x0000000685400000| Untracked 
|  19|0x0000000685800000, 0x0000000685c00000, 0x0000000685c00000|100%| O|  |TAMS 0x0000000685800000, 0x0000000685800000| Untracked 
|  20|0x0000000685c00000, 0x0000000685c37800, 0x0000000686000000|  5%| O|  |TAMS 0x0000000685c00000, 0x0000000685c00000| Untracked 
|  21|0x0000000686000000, 0x0000000686000000, 0x0000000686400000|  0%| F|  |TAMS 0x0000000686000000, 0x0000000686000000| Untracked 
|  22|0x0000000686400000, 0x0000000686400000, 0x0000000686800000|  0%| F|  |TAMS 0x0000000686400000, 0x0000000686400000| Untracked 
|  23|0x0000000686800000, 0x0000000686800000, 0x0000000686c00000|  0%| F|  |TAMS 0x0000000686800000, 0x0000000686800000| Untracked 
|  24|0x0000000686c00000, 0x0000000686c00000, 0x0000000687000000|  0%| F|  |TAMS 0x0000000686c00000, 0x0000000686c00000| Untracked 
|  25|0x0000000687000000, 0x0000000687000000, 0x0000000687400000|  0%| F|  |TAMS 0x0000000687000000, 0x0000000687000000| Untracked 
|  26|0x0000000687400000, 0x0000000687400000, 0x0000000687800000|  0%| F|  |TAMS 0x0000000687400000, 0x0000000687400000| Untracked 
|  27|0x0000000687800000, 0x0000000687800000, 0x0000000687c00000|  0%| F|  |TAMS 0x0000000687800000, 0x0000000687800000| Untracked 
|  28|0x0000000687c00000, 0x0000000688000000, 0x0000000688000000|100%| S|CS|TAMS 0x0000000687c00000, 0x0000000687c00000| Complete 
|  29|0x0000000688000000, 0x0000000688400000, 0x0000000688400000|100%| S|CS|TAMS 0x0000000688000000, 0x0000000688000000| Complete 
|  30|0x0000000688400000, 0x0000000688800000, 0x0000000688800000|100%| S|CS|TAMS 0x0000000688400000, 0x0000000688400000| Complete 
|  31|0x0000000688800000, 0x0000000688800000, 0x0000000688c00000|  0%| F|  |TAMS 0x0000000688800000, 0x0000000688800000| Untracked 
|  32|0x0000000688c00000, 0x0000000688c00000, 0x0000000689000000|  0%| F|  |TAMS 0x0000000688c00000, 0x0000000688c00000| Untracked 
|  33|0x0000000689000000, 0x0000000689000000, 0x0000000689400000|  0%| F|  |TAMS 0x0000000689000000, 0x0000000689000000| Untracked 
|  34|0x0000000689400000, 0x0000000689400000, 0x0000000689800000|  0%| F|  |TAMS 0x0000000689400000, 0x0000000689400000| Untracked 
|  35|0x0000000689800000, 0x0000000689800000, 0x0000000689c00000|  0%| F|  |TAMS 0x0000000689800000, 0x0000000689800000| Untracked 
|  36|0x0000000689c00000, 0x0000000689c00000, 0x000000068a000000|  0%| F|  |TAMS 0x0000000689c00000, 0x0000000689c00000| Untracked 
|  37|0x000000068a000000, 0x000000068a000000, 0x000000068a400000|  0%| F|  |TAMS 0x000000068a000000, 0x000000068a000000| Untracked 
|  38|0x000000068a400000, 0x000000068a400000, 0x000000068a800000|  0%| F|  |TAMS 0x000000068a400000, 0x000000068a400000| Untracked 
|  39|0x000000068a800000, 0x000000068a800000, 0x000000068ac00000|  0%| F|  |TAMS 0x000000068a800000, 0x000000068a800000| Untracked 
|  40|0x000000068ac00000, 0x000000068ac00000, 0x000000068b000000|  0%| F|  |TAMS 0x000000068ac00000, 0x000000068ac00000| Untracked 
|  41|0x000000068b000000, 0x000000068b000000, 0x000000068b400000|  0%| F|  |TAMS 0x000000068b000000, 0x000000068b000000| Untracked 
|  42|0x000000068b400000, 0x000000068b400000, 0x000000068b800000|  0%| F|  |TAMS 0x000000068b400000, 0x000000068b400000| Untracked 
|  43|0x000000068b800000, 0x000000068b800000, 0x000000068bc00000|  0%| F|  |TAMS 0x000000068b800000, 0x000000068b800000| Untracked 
|  44|0x000000068bc00000, 0x000000068bc00000, 0x000000068c000000|  0%| F|  |TAMS 0x000000068bc00000, 0x000000068bc00000| Untracked 
|  45|0x000000068c000000, 0x000000068c000000, 0x000000068c400000|  0%| F|  |TAMS 0x000000068c000000, 0x000000068c000000| Untracked 
|  46|0x000000068c400000, 0x000000068c400000, 0x000000068c800000|  0%| F|  |TAMS 0x000000068c400000, 0x000000068c400000| Untracked 
|  47|0x000000068c800000, 0x000000068c800000, 0x000000068cc00000|  0%| F|  |TAMS 0x000000068c800000, 0x000000068c800000| Untracked 
|  48|0x000000068cc00000, 0x000000068cc00000, 0x000000068d000000|  0%| F|  |TAMS 0x000000068cc00000, 0x000000068cc00000| Untracked 
|  49|0x000000068d000000, 0x000000068d000000, 0x000000068d400000|  0%| F|  |TAMS 0x000000068d000000, 0x000000068d000000| Untracked 
|  50|0x000000068d400000, 0x000000068d400000, 0x000000068d800000|  0%| F|  |TAMS 0x000000068d400000, 0x000000068d400000| Untracked 
|  51|0x000000068d800000, 0x000000068d800000, 0x000000068dc00000|  0%| F|  |TAMS 0x000000068d800000, 0x000000068d800000| Untracked 
|  52|0x000000068dc00000, 0x000000068dc00000, 0x000000068e000000|  0%| F|  |TAMS 0x000000068dc00000, 0x000000068dc00000| Untracked 
|  53|0x000000068e000000, 0x000000068e000000, 0x000000068e400000|  0%| F|  |TAMS 0x000000068e000000, 0x000000068e000000| Untracked 
|  54|0x000000068e400000, 0x000000068e400000, 0x000000068e800000|  0%| F|  |TAMS 0x000000068e400000, 0x000000068e400000| Untracked 
|  55|0x000000068e800000, 0x000000068e800000, 0x000000068ec00000|  0%| F|  |TAMS 0x000000068e800000, 0x000000068e800000| Untracked 
|  56|0x000000068ec00000, 0x000000068ec00000, 0x000000068f000000|  0%| F|  |TAMS 0x000000068ec00000, 0x000000068ec00000| Untracked 
|  57|0x000000068f000000, 0x000000068f000000, 0x000000068f400000|  0%| F|  |TAMS 0x000000068f000000, 0x000000068f000000| Untracked 
|  58|0x000000068f400000, 0x000000068f400000, 0x000000068f800000|  0%| F|  |TAMS 0x000000068f400000, 0x000000068f400000| Untracked 
|  59|0x000000068f800000, 0x000000068f800000, 0x000000068fc00000|  0%| F|  |TAMS 0x000000068f800000, 0x000000068f800000| Untracked 
|  60|0x000000068fc00000, 0x000000068fc00000, 0x0000000690000000|  0%| F|  |TAMS 0x000000068fc00000, 0x000000068fc00000| Untracked 
|  61|0x0000000690000000, 0x0000000690000000, 0x0000000690400000|  0%| F|  |TAMS 0x0000000690000000, 0x0000000690000000| Untracked 
|  62|0x0000000690400000, 0x0000000690400000, 0x0000000690800000|  0%| F|  |TAMS 0x0000000690400000, 0x0000000690400000| Untracked 
|  63|0x0000000690800000, 0x0000000690800000, 0x0000000690c00000|  0%| F|  |TAMS 0x0000000690800000, 0x0000000690800000| Untracked 
|  64|0x0000000690c00000, 0x0000000690c00000, 0x0000000691000000|  0%| F|  |TAMS 0x0000000690c00000, 0x0000000690c00000| Untracked 
|  65|0x0000000691000000, 0x0000000691000000, 0x0000000691400000|  0%| F|  |TAMS 0x0000000691000000, 0x0000000691000000| Untracked 
|  66|0x0000000691400000, 0x0000000691400000, 0x0000000691800000|  0%| F|  |TAMS 0x0000000691400000, 0x0000000691400000| Untracked 
|  67|0x0000000691800000, 0x0000000691800000, 0x0000000691c00000|  0%| F|  |TAMS 0x0000000691800000, 0x0000000691800000| Untracked 
|  68|0x0000000691c00000, 0x0000000691c00000, 0x0000000692000000|  0%| F|  |TAMS 0x0000000691c00000, 0x0000000691c00000| Untracked 
|  69|0x0000000692000000, 0x0000000692000000, 0x0000000692400000|  0%| F|  |TAMS 0x0000000692000000, 0x0000000692000000| Untracked 
|  70|0x0000000692400000, 0x0000000692400000, 0x0000000692800000|  0%| F|  |TAMS 0x0000000692400000, 0x0000000692400000| Untracked 
|  71|0x0000000692800000, 0x0000000692800000, 0x0000000692c00000|  0%| F|  |TAMS 0x0000000692800000, 0x0000000692800000| Untracked 
|  72|0x0000000692c00000, 0x0000000692c00000, 0x0000000693000000|  0%| F|  |TAMS 0x0000000692c00000, 0x0000000692c00000| Untracked 
|  73|0x0000000693000000, 0x0000000693000000, 0x0000000693400000|  0%| F|  |TAMS 0x0000000693000000, 0x0000000693000000| Untracked 
|  74|0x0000000693400000, 0x0000000693400000, 0x0000000693800000|  0%| F|  |TAMS 0x0000000693400000, 0x0000000693400000| Untracked 
|  75|0x0000000693800000, 0x0000000693800000, 0x0000000693c00000|  0%| F|  |TAMS 0x0000000693800000, 0x0000000693800000| Untracked 
|  76|0x0000000693c00000, 0x0000000693c00000, 0x0000000694000000|  0%| F|  |TAMS 0x0000000693c00000, 0x0000000693c00000| Untracked 
|  77|0x0000000694000000, 0x0000000694000000, 0x0000000694400000|  0%| F|  |TAMS 0x0000000694000000, 0x0000000694000000| Untracked 
|  78|0x0000000694400000, 0x0000000694400000, 0x0000000694800000|  0%| F|  |TAMS 0x0000000694400000, 0x0000000694400000| Untracked 
|  79|0x0000000694800000, 0x0000000694800000, 0x0000000694c00000|  0%| F|  |TAMS 0x0000000694800000, 0x0000000694800000| Untracked 
|  80|0x0000000694c00000, 0x0000000694c00000, 0x0000000695000000|  0%| F|  |TAMS 0x0000000694c00000, 0x0000000694c00000| Untracked 
|  81|0x0000000695000000, 0x0000000695000000, 0x0000000695400000|  0%| F|  |TAMS 0x0000000695000000, 0x0000000695000000| Untracked 
|  82|0x0000000695400000, 0x0000000695400000, 0x0000000695800000|  0%| F|  |TAMS 0x0000000695400000, 0x0000000695400000| Untracked 
|  83|0x0000000695800000, 0x0000000695800000, 0x0000000695c00000|  0%| F|  |TAMS 0x0000000695800000, 0x0000000695800000| Untracked 
|  84|0x0000000695c00000, 0x0000000695c00000, 0x0000000696000000|  0%| F|  |TAMS 0x0000000695c00000, 0x0000000695c00000| Untracked 
|  85|0x0000000696000000, 0x0000000696000000, 0x0000000696400000|  0%| F|  |TAMS 0x0000000696000000, 0x0000000696000000| Untracked 
|  86|0x0000000696400000, 0x0000000696400000, 0x0000000696800000|  0%| F|  |TAMS 0x0000000696400000, 0x0000000696400000| Untracked 
|  87|0x0000000696800000, 0x0000000696800000, 0x0000000696c00000|  0%| F|  |TAMS 0x0000000696800000, 0x0000000696800000| Untracked 
|  88|0x0000000696c00000, 0x0000000696c00000, 0x0000000697000000|  0%| F|  |TAMS 0x0000000696c00000, 0x0000000696c00000| Untracked 
|  89|0x0000000697000000, 0x0000000697000000, 0x0000000697400000|  0%| F|  |TAMS 0x0000000697000000, 0x0000000697000000| Untracked 
|  90|0x0000000697400000, 0x0000000697400000, 0x0000000697800000|  0%| F|  |TAMS 0x0000000697400000, 0x0000000697400000| Untracked 
|  91|0x0000000697800000, 0x0000000697800000, 0x0000000697c00000|  0%| F|  |TAMS 0x0000000697800000, 0x0000000697800000| Untracked 
|  92|0x0000000697c00000, 0x0000000697c00000, 0x0000000698000000|  0%| F|  |TAMS 0x0000000697c00000, 0x0000000697c00000| Untracked 
|  93|0x0000000698000000, 0x0000000698000000, 0x0000000698400000|  0%| F|  |TAMS 0x0000000698000000, 0x0000000698000000| Untracked 
|  94|0x0000000698400000, 0x0000000698400000, 0x0000000698800000|  0%| F|  |TAMS 0x0000000698400000, 0x0000000698400000| Untracked 
|  95|0x0000000698800000, 0x0000000698800000, 0x0000000698c00000|  0%| F|  |TAMS 0x0000000698800000, 0x0000000698800000| Untracked 
|  96|0x0000000698c00000, 0x0000000698c00000, 0x0000000699000000|  0%| F|  |TAMS 0x0000000698c00000, 0x0000000698c00000| Untracked 
|  97|0x0000000699000000, 0x0000000699400000, 0x0000000699400000|100%| E|  |TAMS 0x0000000699000000, 0x0000000699000000| Complete 
|  98|0x0000000699400000, 0x0000000699800000, 0x0000000699800000|100%| E|CS|TAMS 0x0000000699400000, 0x0000000699400000| Complete 
|  99|0x0000000699800000, 0x0000000699c00000, 0x0000000699c00000|100%| E|CS|TAMS 0x0000000699800000, 0x0000000699800000| Complete 

Card table byte_map: [0x0000023a138a0000,0x0000023a144a0000] _byte_map_base: 0x0000023a1049a000

Marking Bits (Prev, Next): (CMBitMap*) 0x0000023a7fbb8d60, (CMBitMap*) 0x0000023a7fbb8d20
 Prev Bits: [0x0000023a1b070000, 0x0000023a21040000)
 Next Bits: [0x0000023a150a0000, 0x0000023a1b070000)

Polling page: 0x0000023a7e0f0000

Metaspace:

Usage:
  Non-class:     55.10 MB used.
      Class:      6.99 MB used.
       Both:     62.10 MB used.

Virtual space:
  Non-class space:       64.00 MB reserved,      55.25 MB ( 86%) committed,  1 nodes.
      Class space:        1.00 GB reserved,       7.12 MB ( <1%) committed,  1 nodes.
             Both:        1.06 GB reserved,      62.38 MB (  6%) committed. 

Chunk freelists:
   Non-Class:  8.66 MB
       Class:  8.83 MB
        Both:  17.49 MB

MaxMetaspaceSize: unlimited
CompressedClassSpaceSize: 1.00 GB
Initial GC threshold: 21.00 MB
Current GC threshold: 98.88 MB
CDS: off
MetaspaceReclaimPolicy: balanced
 - commit_granule_bytes: 65536.
 - commit_granule_words: 8192.
 - virtual_space_node_default_size: 8388608.
 - enlarge_chunks_in_place: 1.
 - new_chunks_are_fully_committed: 0.
 - uncommit_free_chunks: 1.
 - use_allocation_guard: 0.
 - handle_deallocations: 1.


Internal statistics:

num_allocs_failed_limit: 6.
num_arena_births: 300.
num_arena_deaths: 0.
num_vsnodes_births: 2.
num_vsnodes_deaths: 0.
num_space_committed: 996.
num_space_uncommitted: 0.
num_chunks_returned_to_freelist: 6.
num_chunks_taken_from_freelist: 2297.
num_chunk_merges: 6.
num_chunk_splits: 1791.
num_chunks_enlarged: 1542.
num_inconsistent_stats: 0.

CodeHeap 'non-profiled nmethods': size=120000Kb used=5539Kb max_used=5539Kb free=114460Kb
 bounds [0x0000023a0aef0000, 0x0000023a0b460000, 0x0000023a12420000]
CodeHeap 'profiled nmethods': size=120000Kb used=25453Kb max_used=25453Kb free=94546Kb
 bounds [0x0000023a03420000, 0x0000023a04d00000, 0x0000023a0a950000]
CodeHeap 'non-nmethods': size=5760Kb used=1316Kb max_used=1370Kb free=4444Kb
 bounds [0x0000023a0a950000, 0x0000023a0abc0000, 0x0000023a0aef0000]
 total_blobs=9336 nmethods=8711 adapters=535
 compilation: enabled
              stopped_count=0, restarted_count=0
 full_count=0

Compilation events (20 events):
Event: 7.945 Thread 0x0000023a280a1fa0 nmethod 10172 0x0000023a0b456b90 code [0x0000023a0b456d00, 0x0000023a0b456d78]
Event: 7.945 Thread 0x0000023a280a2f90 nmethod 10187 0x0000023a04cdb490 code [0x0000023a04cdb660, 0x0000023a04cdbb48]
Event: 7.945 Thread 0x0000023a280a2f90 10188       3       javaslang.collection.LinkedHashSet::toJavaSet (5 bytes)
Event: 7.945 Thread 0x0000023a280a2f90 nmethod 10188 0x0000023a04cdbd10 code [0x0000023a04cdbf40, 0x0000023a04cdc698]
Event: 7.946 Thread 0x0000023a280a2f90 10189       3       org.jetbrains.kotlin.psi.KtPsiFactory::<init> (21 bytes)
Event: 7.947 Thread 0x0000023a280a2f90 nmethod 10189 0x0000023a04cdc910 code [0x0000023a04cdcb20, 0x0000023a04cdd1b8]
Event: 7.947 Thread 0x0000023a280a2f90 10190       3       org.jetbrains.kotlin.com.intellij.openapi.vfs.VirtualFile::getStoredCharset (11 bytes)
Event: 7.947 Thread 0x0000023a280a2f90 nmethod 10190 0x0000023a04cdd410 code [0x0000023a04cdd5c0, 0x0000023a04cdd888]
Event: 7.947 Thread 0x0000023a280a2f90 10191       3       org.jetbrains.kotlin.com.intellij.lang.LanguageUtil::getLanguageForPsi (29 bytes)
Event: 7.947 Thread 0x0000023a280a2f90 nmethod 10191 0x0000023a04cdd990 code [0x0000023a04cddba0, 0x0000023a04cde1c8]
Event: 7.947 Thread 0x0000023a280a2f90 10192       3       org.jetbrains.kotlin.com.intellij.lang.LanguageUtil::getFileLanguage (41 bytes)
Event: 7.947 Thread 0x0000023a280a1fa0 10195       4       java.util.HashMap::putAll (7 bytes)
Event: 7.947 Thread 0x0000023a280a2f90 nmethod 10192 0x0000023a04cde410 code [0x0000023a04cde640, 0x0000023a04cdf038]
Event: 7.947 Thread 0x0000023a280a2f90 10193       3       org.jetbrains.kotlin.com.intellij.lang.LanguageUtil::getFileTypeLanguage (19 bytes)
Event: 7.948 Thread 0x0000023a280a2f90 nmethod 10193 0x0000023a04cdf290 code [0x0000023a04cdf460, 0x0000023a04cdf888]
Event: 7.948 Thread 0x0000023a280a2f90 10194   !   3       jdk.internal.reflect.GeneratedConstructorAccessor12::newInstance (53 bytes)
Event: 7.948 Thread 0x0000023a280a1fa0 nmethod 10195 0x0000023a0b456e90 code [0x0000023a0b457020, 0x0000023a0b4570c8]
Event: 7.948 Thread 0x0000023a280a2f90 nmethod 10194 0x0000023a04cdf990 code [0x0000023a04cdfbc0, 0x0000023a04ce0368]
Event: 7.949 Thread 0x0000023a280a1fa0 10196       4       org.jetbrains.kotlin.resolve.calls.tower.KotlinResolutionStatelessCallbacksImpl::getVariableCandidateIfInvoke (36 bytes)
Event: 7.949 Thread 0x0000023a280a2f90 10197       3       org.jetbrains.kotlin.resolve.calls.inference.components.VariableFixationFinder::hasDependencyToOtherTypeVariables (114 bytes)

GC Heap History (20 events):
Event: 3.017 GC heap before
{Heap before GC invocations=11 (full 0):
 garbage-first heap   total 122880K, used 89903K [0x0000000680c00000, 0x0000000800000000)
  region size 4096K, 18 young (73728K), 1 survivors (4096K)
 Metaspace       used 48633K, committed 48960K, reserved 1114112K
  class space    used 5854K, committed 6016K, reserved 1048576K
}
Event: 3.027 GC heap after
{Heap after GC invocations=12 (full 0):
 garbage-first heap   total 122880K, used 36884K [0x0000000680c00000, 0x0000000800000000)
  region size 4096K, 3 young (12288K), 3 survivors (12288K)
 Metaspace       used 48633K, committed 48960K, reserved 1114112K
  class space    used 5854K, committed 6016K, reserved 1048576K
}
Event: 3.302 GC heap before
{Heap before GC invocations=12 (full 0):
 garbage-first heap   total 122880K, used 77844K [0x0000000680c00000, 0x0000000800000000)
  region size 4096K, 14 young (57344K), 3 survivors (12288K)
 Metaspace       used 50210K, committed 50496K, reserved 1114112K
  class space    used 5998K, committed 6144K, reserved 1048576K
}
Event: 3.318 GC heap after
{Heap after GC invocations=13 (full 0):
 garbage-first heap   total 122880K, used 40831K [0x0000000680c00000, 0x0000000800000000)
  region size 4096K, 1 young (4096K), 1 survivors (4096K)
 Metaspace       used 50210K, committed 50496K, reserved 1114112K
  class space    used 5998K, committed 6144K, reserved 1048576K
}
Event: 4.169 GC heap before
{Heap before GC invocations=13 (full 0):
 garbage-first heap   total 122880K, used 81791K [0x0000000680c00000, 0x0000000800000000)
  region size 4096K, 12 young (49152K), 1 survivors (4096K)
 Metaspace       used 55425K, committed 55680K, reserved 1114112K
  class space    used 6546K, committed 6656K, reserved 1048576K
}
Event: 4.184 GC heap after
{Heap after GC invocations=14 (full 0):
 garbage-first heap   total 122880K, used 48357K [0x0000000680c00000, 0x0000000800000000)
  region size 4096K, 2 young (8192K), 2 survivors (8192K)
 Metaspace       used 55425K, committed 55680K, reserved 1114112K
  class space    used 6546K, committed 6656K, reserved 1048576K
}
Event: 4.650 GC heap before
{Heap before GC invocations=14 (full 0):
 garbage-first heap   total 122880K, used 85221K [0x0000000680c00000, 0x0000000800000000)
  region size 4096K, 11 young (45056K), 2 survivors (8192K)
 Metaspace       used 57202K, committed 57472K, reserved 1114112K
  class space    used 6706K, committed 6848K, reserved 1048576K
}
Event: 4.669 GC heap after
{Heap after GC invocations=15 (full 0):
 garbage-first heap   total 159744K, used 55353K [0x0000000680c00000, 0x0000000800000000)
  region size 4096K, 2 young (8192K), 2 survivors (8192K)
 Metaspace       used 57202K, committed 57472K, reserved 1114112K
  class space    used 6706K, committed 6848K, reserved 1048576K
}
Event: 4.875 GC heap before
{Heap before GC invocations=15 (full 0):
 garbage-first heap   total 159744K, used 108601K [0x0000000680c00000, 0x0000000800000000)
  region size 4096K, 15 young (61440K), 2 survivors (8192K)
 Metaspace       used 57245K, committed 57536K, reserved 1114112K
  class space    used 6708K, committed 6848K, reserved 1048576K
}
Event: 4.885 GC heap after
{Heap after GC invocations=16 (full 0):
 garbage-first heap   total 159744K, used 61152K [0x0000000680c00000, 0x0000000800000000)
  region size 4096K, 2 young (8192K), 2 survivors (8192K)
 Metaspace       used 57245K, committed 57536K, reserved 1114112K
  class space    used 6708K, committed 6848K, reserved 1048576K
}
Event: 4.997 GC heap before
{Heap before GC invocations=16 (full 0):
 garbage-first heap   total 159744K, used 114400K [0x0000000680c00000, 0x0000000800000000)
  region size 4096K, 15 young (61440K), 2 survivors (8192K)
 Metaspace       used 57374K, committed 57664K, reserved 1114112K
  class space    used 6714K, committed 6848K, reserved 1048576K
}
Event: 5.007 GC heap after
{Heap after GC invocations=17 (full 0):
 garbage-first heap   total 159744K, used 68443K [0x0000000680c00000, 0x0000000800000000)
  region size 4096K, 2 young (8192K), 2 survivors (8192K)
 Metaspace       used 57374K, committed 57664K, reserved 1114112K
  class space    used 6714K, committed 6848K, reserved 1048576K
}
Event: 6.336 GC heap before
{Heap before GC invocations=17 (full 0):
 garbage-first heap   total 159744K, used 117595K [0x0000000680c00000, 0x0000000800000000)
  region size 4096K, 14 young (57344K), 2 survivors (8192K)
 Metaspace       used 60425K, committed 60736K, reserved 1114112K
  class space    used 6960K, committed 7104K, reserved 1048576K
}
Event: 6.346 GC heap after
{Heap after GC invocations=18 (full 0):
 garbage-first heap   total 159744K, used 74184K [0x0000000680c00000, 0x0000000800000000)
  region size 4096K, 2 young (8192K), 2 survivors (8192K)
 Metaspace       used 60425K, committed 60736K, reserved 1114112K
  class space    used 6960K, committed 7104K, reserved 1048576K
}
Event: 6.497 GC heap before
{Heap before GC invocations=18 (full 0):
 garbage-first heap   total 159744K, used 119240K [0x0000000680c00000, 0x0000000800000000)
  region size 4096K, 13 young (53248K), 2 survivors (8192K)
 Metaspace       used 60425K, committed 60736K, reserved 1114112K
  class space    used 6960K, committed 7104K, reserved 1048576K
}
Event: 6.505 GC heap after
{Heap after GC invocations=19 (full 0):
 garbage-first heap   total 159744K, used 78777K [0x0000000680c00000, 0x0000000800000000)
  region size 4096K, 1 young (4096K), 1 survivors (4096K)
 Metaspace       used 60425K, committed 60736K, reserved 1114112K
  class space    used 6960K, committed 7104K, reserved 1048576K
}
Event: 6.594 GC heap before
{Heap before GC invocations=20 (full 0):
 garbage-first heap   total 204800K, used 123833K [0x0000000680c00000, 0x0000000800000000)
  region size 4096K, 12 young (49152K), 1 survivors (4096K)
 Metaspace       used 60475K, committed 60736K, reserved 1114112K
  class space    used 6967K, committed 7104K, reserved 1048576K
}
Event: 6.602 GC heap after
{Heap after GC invocations=21 (full 0):
 garbage-first heap   total 204800K, used 84553K [0x0000000680c00000, 0x0000000800000000)
  region size 4096K, 2 young (8192K), 2 survivors (8192K)
 Metaspace       used 60475K, committed 60736K, reserved 1114112K
  class space    used 6967K, committed 7104K, reserved 1048576K
}
Event: 7.743 GC heap before
{Heap before GC invocations=21 (full 0):
 garbage-first heap   total 204800K, used 154185K [0x0000000680c00000, 0x0000000800000000)
  region size 4096K, 19 young (77824K), 2 survivors (8192K)
 Metaspace       used 63308K, committed 63616K, reserved 1114112K
  class space    used 7162K, committed 7296K, reserved 1048576K
}
Event: 7.755 GC heap after
{Heap after GC invocations=22 (full 0):
 garbage-first heap   total 409600K, used 92967K [0x0000000680c00000, 0x0000000800000000)
  region size 4096K, 3 young (12288K), 3 survivors (12288K)
 Metaspace       used 63308K, committed 63616K, reserved 1114112K
  class space    used 7162K, committed 7296K, reserved 1048576K
}

Dll operation events (2 events):
Event: 0.082 Loaded shared library D:\AndroidStudio\AndroidStudio\jbr\bin\java.dll
Event: 1.147 Loaded shared library D:\AndroidStudio\AndroidStudio\jbr\bin\verify.dll

Deoptimization events (20 events):
Event: 7.688 Thread 0x0000023a7fb2c910 DEOPT PACKING pc=0x0000023a0b415588 sp=0x00000067c69f52c0
Event: 7.688 Thread 0x0000023a7fb2c910 DEOPT UNPACKING pc=0x0000023a0a9a69a3 sp=0x00000067c69f5280 mode 2
Event: 7.715 Thread 0x0000023a7fb2c910 Uncommon trap: trap_request=0xffffffd6 fr.pc=0x0000023a0b419cc4 relative=0x0000000000000bc4
Event: 7.715 Thread 0x0000023a7fb2c910 Uncommon trap: reason=array_check action=maybe_recompile pc=0x0000023a0b419cc4 method=org.jetbrains.kotlin.com.intellij.extapi.psi.StubBasedPsiElementBase.getStubOrPsiChildren(Lorg/jetbrains/kotlin/com/intellij/psi/stubs/IStubElementType;Lorg/jetbrains/ko
Event: 7.715 Thread 0x0000023a7fb2c910 DEOPT PACKING pc=0x0000023a0b419cc4 sp=0x00000067c69f90a0
Event: 7.715 Thread 0x0000023a7fb2c910 DEOPT UNPACKING pc=0x0000023a0a9a69a3 sp=0x00000067c69f9058 mode 2
Event: 7.715 Thread 0x0000023a7fb2c910 Uncommon trap: trap_request=0xffffffd6 fr.pc=0x0000023a0b419cc4 relative=0x0000000000000bc4
Event: 7.715 Thread 0x0000023a7fb2c910 Uncommon trap: reason=array_check action=maybe_recompile pc=0x0000023a0b419cc4 method=org.jetbrains.kotlin.com.intellij.extapi.psi.StubBasedPsiElementBase.getStubOrPsiChildren(Lorg/jetbrains/kotlin/com/intellij/psi/stubs/IStubElementType;Lorg/jetbrains/ko
Event: 7.715 Thread 0x0000023a7fb2c910 DEOPT PACKING pc=0x0000023a0b419cc4 sp=0x00000067c69f7300
Event: 7.715 Thread 0x0000023a7fb2c910 DEOPT UNPACKING pc=0x0000023a0a9a69a3 sp=0x00000067c69f72b8 mode 2
Event: 7.716 Thread 0x0000023a7fb2c910 Uncommon trap: trap_request=0xffffffd6 fr.pc=0x0000023a0b419cc4 relative=0x0000000000000bc4
Event: 7.716 Thread 0x0000023a7fb2c910 Uncommon trap: reason=array_check action=maybe_recompile pc=0x0000023a0b419cc4 method=org.jetbrains.kotlin.com.intellij.extapi.psi.StubBasedPsiElementBase.getStubOrPsiChildren(Lorg/jetbrains/kotlin/com/intellij/psi/stubs/IStubElementType;Lorg/jetbrains/ko
Event: 7.716 Thread 0x0000023a7fb2c910 DEOPT PACKING pc=0x0000023a0b419cc4 sp=0x00000067c69f6eb0
Event: 7.716 Thread 0x0000023a7fb2c910 DEOPT UNPACKING pc=0x0000023a0a9a69a3 sp=0x00000067c69f6e68 mode 2
Event: 7.716 Thread 0x0000023a7fb2c910 Uncommon trap: trap_request=0xffffffd6 fr.pc=0x0000023a0b419cc4 relative=0x0000000000000bc4
Event: 7.716 Thread 0x0000023a7fb2c910 Uncommon trap: reason=array_check action=maybe_recompile pc=0x0000023a0b419cc4 method=org.jetbrains.kotlin.com.intellij.extapi.psi.StubBasedPsiElementBase.getStubOrPsiChildren(Lorg/jetbrains/kotlin/com/intellij/psi/stubs/IStubElementType;Lorg/jetbrains/ko
Event: 7.716 Thread 0x0000023a7fb2c910 DEOPT PACKING pc=0x0000023a0b419cc4 sp=0x00000067c69f7400
Event: 7.716 Thread 0x0000023a7fb2c910 DEOPT UNPACKING pc=0x0000023a0a9a69a3 sp=0x00000067c69f73b8 mode 2
Event: 7.927 Thread 0x0000023a7fb2c910 DEOPT PACKING pc=0x0000023a042cf0c0 sp=0x00000067c69f9f20
Event: 7.927 Thread 0x0000023a7fb2c910 DEOPT UNPACKING pc=0x0000023a0a9a7143 sp=0x00000067c69f9440 mode 0

Classes unloaded (0 events):
No events

Classes redefined (0 events):
No events

Internal exceptions (20 events):
Event: 2.828 Thread 0x0000023a7fb2c910 Exception <a 'java/lang/NoSuchMethodError'{0x000000068444b270}: 'java.lang.Object java.lang.invoke.DirectMethodHandle$Holder.invokeSpecial(java.lang.Object, java.lang.Object, java.lang.Object, java.lang.Object, int)'> (0x000000068444b270) 
thrown [s\src\hotspot\share\interpreter\linkResolver.cpp, line 771]
Event: 2.829 Thread 0x0000023a7fb2c910 Exception <a 'java/lang/NoSuchMethodError'{0x000000068444f0e0}: 'java.lang.Object java.lang.invoke.Invokers$Holder.linkToTargetMethod(java.lang.Object, java.lang.Object, int, java.lang.Object)'> (0x000000068444f0e0) 
thrown [s\src\hotspot\share\interpreter\linkResolver.cpp, line 771]
Event: 3.090 Thread 0x0000023a7fb2c910 Exception <a 'java/lang/NoSuchMethodError'{0x0000000698be6ed0}: 'java.lang.Object java.lang.invoke.DirectMethodHandle$Holder.newInvokeSpecial(java.lang.Object, java.lang.Object, java.lang.Object, java.lang.Object, java.lang.Object, java.lang.Object)'> (0x0000000698be6ed0) 
thrown [s\src\hotspot\share\interpreter\linkResolver.cpp, line 771]
Event: 3.107 Thread 0x0000023a7fb2c910 Implicit null exception at 0x0000023a0b02b4eb to 0x0000023a0b02b6cc
Event: 3.412 Thread 0x0000023a7fb2c910 Implicit null exception at 0x0000023a0af3df74 to 0x0000023a0af3e168
Event: 3.889 Thread 0x0000023a7fb2c910 Exception <a 'java/lang/NoSuchMethodError'{0x00000006860724d8}: 'java.lang.Object java.lang.invoke.DirectMethodHandle$Holder.newInvokeSpecial(java.lang.Object, int, java.lang.Object)'> (0x00000006860724d8) 
thrown [s\src\hotspot\share\interpreter\linkResolver.cpp, line 771]
Event: 3.890 Thread 0x0000023a7fb2c910 Exception <a 'java/lang/NoSuchMethodError'{0x0000000686078868}: 'int java.lang.invoke.DirectMethodHandle$Holder.invokeInterface(java.lang.Object, java.lang.Object)'> (0x0000000686078868) 
thrown [s\src\hotspot\share\interpreter\linkResolver.cpp, line 771]
Event: 4.110 Thread 0x0000023a7fb2c910 Exception <a 'java/lang/NoSuchMethodError'{0x000000068595e1a0}: 'java.lang.Object java.lang.invoke.DirectMethodHandle$Holder.invokeStaticInit(java.lang.Object, java.lang.Object, java.lang.Object)'> (0x000000068595e1a0) 
thrown [s\src\hotspot\share\interpreter\linkResolver.cpp, line 771]
Event: 5.022 Thread 0x0000023a7fb2c910 Implicit null exception at 0x0000023a0af7c879 to 0x0000023a0af7cc05
Event: 5.027 Thread 0x0000023a7fb2c910 Exception <a 'java/lang/NoSuchMethodError'{0x00000006988e70d8}: 'int java.lang.invoke.DirectMethodHandle$Holder.invokeStaticInit(java.lang.Object, int)'> (0x00000006988e70d8) 
thrown [s\src\hotspot\share\interpreter\linkResolver.cpp, line 771]
Event: 5.440 Thread 0x0000023a7fb2c910 Exception <a 'java/lang/NoSuchMethodError'{0x00000006897907f0}: 'java.lang.Object java.lang.invoke.DirectMethodHandle$Holder.newInvokeSpecial(java.lang.Object, java.lang.Object, java.lang.Object, java.lang.Object, java.lang.Object, java.lang.Object, java.lang.Object)'> (0x00000006897907f0) 
thrown [s\src\hotspot\share\interpreter\linkResolver.cpp, line 771]
Event: 5.441 Thread 0x0000023a7fb2c910 Exception <a 'java/lang/NoSuchMethodError'{0x00000006897953a8}: 'java.lang.Object java.lang.invoke.Invokers$Holder.linkToTargetMethod(java.lang.Object, java.lang.Object, java.lang.Object, java.lang.Object, java.lang.Object, java.lang.Object, java.lang.Object)'> (0x00000006897953a8) 
thrown [s\src\hotspot\share\interpreter\linkResolver.cpp, line 771]
Event: 5.462 Thread 0x0000023a7fb2c910 Exception <a 'java/lang/NoSuchMethodError'{0x00000006897dbb80}: 'java.lang.Object java.lang.invoke.DirectMethodHandle$Holder.invokeInterface(java.lang.Object, java.lang.Object, java.lang.Object)'> (0x00000006897dbb80) 
thrown [s\src\hotspot\share\interpreter\linkResolver.cpp, line 771]
Event: 5.462 Thread 0x0000023a7fb2c910 Exception <a 'java/lang/IncompatibleClassChangeError'{0x00000006897df4f0}: Found class java.lang.Object, but interface was expected> (0x00000006897df4f0) 
thrown [s\src\hotspot\share\interpreter\linkResolver.cpp, line 838]
Event: 5.560 Thread 0x0000023a7fb2c910 Implicit null exception at 0x0000023a0af0ad72 to 0x0000023a0af0b350
Event: 5.585 Thread 0x0000023a7fb2c910 Implicit null exception at 0x0000023a0af0c0f2 to 0x0000023a0af0c6e4
Event: 6.832 Thread 0x0000023a7fb2c910 Implicit null exception at 0x0000023a0af59358 to 0x0000023a0af593ee
Event: 6.927 Thread 0x0000023a7fb2c910 Implicit null exception at 0x0000023a0b3455af to 0x0000023a0b345664
Event: 7.266 Thread 0x0000023a7fb2c910 Implicit null exception at 0x0000023a0b074d3c to 0x0000023a0b075660
Event: 7.343 Thread 0x0000023a7fb2c910 Exception <a 'java/lang/NoSuchMethodError'{0x0000000689e543d8}: 'java.lang.Object java.lang.invoke.DirectMethodHandle$Holder.invokeStatic(java.lang.Object, int, java.lang.Object)'> (0x0000000689e543d8) 
thrown [s\src\hotspot\share\interpreter\linkResolver.cpp, line 771]

VM Operations (20 events):
Event: 7.223 Executing VM operation: ICBufferFull
Event: 7.223 Executing VM operation: ICBufferFull done
Event: 7.265 Executing VM operation: ICBufferFull
Event: 7.265 Executing VM operation: ICBufferFull done
Event: 7.327 Executing VM operation: ICBufferFull
Event: 7.327 Executing VM operation: ICBufferFull done
Event: 7.345 Executing VM operation: HandshakeAllThreads
Event: 7.345 Executing VM operation: HandshakeAllThreads done
Event: 7.384 Executing VM operation: ICBufferFull
Event: 7.384 Executing VM operation: ICBufferFull done
Event: 7.459 Executing VM operation: ICBufferFull
Event: 7.459 Executing VM operation: ICBufferFull done
Event: 7.622 Executing VM operation: ICBufferFull
Event: 7.622 Executing VM operation: ICBufferFull done
Event: 7.733 Executing VM operation: ICBufferFull
Event: 7.733 Executing VM operation: ICBufferFull done
Event: 7.743 Executing VM operation: G1CollectForAllocation
Event: 7.755 Executing VM operation: G1CollectForAllocation done
Event: 7.870 Executing VM operation: ICBufferFull
Event: 7.870 Executing VM operation: ICBufferFull done

Events (20 events):
Event: 6.935 Thread 0x0000023a280a4370 flushing nmethod 0x0000023a04282610
Event: 6.935 Thread 0x0000023a280a4370 flushing nmethod 0x0000023a04295c90
Event: 6.936 Thread 0x0000023a280a4370 flushing nmethod 0x0000023a042cc090
Event: 6.936 Thread 0x0000023a280a4370 flushing nmethod 0x0000023a042cff90
Event: 6.936 Thread 0x0000023a280a4370 flushing nmethod 0x0000023a042d2d90
Event: 6.936 Thread 0x0000023a280a4370 flushing nmethod 0x0000023a042e8890
Event: 6.936 Thread 0x0000023a280a4370 flushing nmethod 0x0000023a042fe890
Event: 6.937 Thread 0x0000023a280a4370 flushing nmethod 0x0000023a044a0210
Event: 6.938 Thread 0x0000023a280a4370 flushing nmethod 0x0000023a04597c10
Event: 6.938 Thread 0x0000023a280a4370 flushing nmethod 0x0000023a045a8390
Event: 6.938 Thread 0x0000023a280a4370 flushing nmethod 0x0000023a045bb010
Event: 6.938 Thread 0x0000023a280a4370 flushing nmethod 0x0000023a045bfe10
Event: 6.938 Thread 0x0000023a280a4370 flushing nmethod 0x0000023a045c3390
Event: 6.938 Thread 0x0000023a280a4370 flushing nmethod 0x0000023a045d8d90
Event: 6.938 Thread 0x0000023a280a4370 flushing nmethod 0x0000023a0464fb10
Event: 6.938 Thread 0x0000023a280a4370 flushing nmethod 0x0000023a04650b90
Event: 6.938 Thread 0x0000023a280a4370 flushing nmethod 0x0000023a046a4210
Event: 6.938 Thread 0x0000023a280a4370 flushing nmethod 0x0000023a046e6f10
Event: 6.938 Thread 0x0000023a280a4370 flushing nmethod 0x0000023a046eda90
Event: 6.939 Thread 0x0000023a280a4370 flushing nmethod 0x0000023a047c7810


Dynamic libraries:
0x00007ff7ceb60000 - 0x00007ff7ceb6a000 	D:\AndroidStudio\AndroidStudio\jbr\bin\java.exe
0x00007ffcc64d0000 - 0x00007ffcc66c8000 	C:\Windows\SYSTEM32\ntdll.dll
0x00007ffcc51b0000 - 0x00007ffcc5272000 	C:\Windows\System32\KERNEL32.DLL
0x00007ffcc3d90000 - 0x00007ffcc408e000 	C:\Windows\System32\KERNELBASE.dll
0x00007ffcc4090000 - 0x00007ffcc4190000 	C:\Windows\System32\ucrtbase.dll
0x00007ffc9d360000 - 0x00007ffc9d377000 	D:\AndroidStudio\AndroidStudio\jbr\bin\jli.dll
0x00007ffcc5010000 - 0x00007ffcc51ad000 	C:\Windows\System32\USER32.dll
0x00007ffcc4240000 - 0x00007ffcc4262000 	C:\Windows\System32\win32u.dll
0x00007ffcc4780000 - 0x00007ffcc47ab000 	C:\Windows\System32\GDI32.dll
0x00007ffcc43a0000 - 0x00007ffcc44b7000 	C:\Windows\System32\gdi32full.dll
0x00007ffcc4300000 - 0x00007ffcc439d000 	C:\Windows\System32\msvcp_win.dll
0x00007ffc925f0000 - 0x00007ffc9260b000 	D:\AndroidStudio\AndroidStudio\jbr\bin\VCRUNTIME140.dll
0x00007ffcaa150000 - 0x00007ffcaa3ea000 	C:\Windows\WinSxS\amd64_microsoft.windows.common-controls_6595b64144ccf1df_6.0.19041.4355_none_60b8b9eb71f62e16\COMCTL32.dll
0x00007ffcc4940000 - 0x00007ffcc49de000 	C:\Windows\System32\msvcrt.dll
0x00007ffcc5aa0000 - 0x00007ffcc5acf000 	C:\Windows\System32\IMM32.DLL
0x00007ffc966a0000 - 0x00007ffc966ac000 	D:\AndroidStudio\AndroidStudio\jbr\bin\vcruntime140_1.dll
0x00007ffc18dc0000 - 0x00007ffc18e4d000 	D:\AndroidStudio\AndroidStudio\jbr\bin\msvcp140.dll
0x00007ffbff1b0000 - 0x00007ffbffe33000 	D:\AndroidStudio\AndroidStudio\jbr\bin\server\jvm.dll
0x00007ffcc4ed0000 - 0x00007ffcc4f81000 	C:\Windows\System32\ADVAPI32.dll
0x00007ffcc63f0000 - 0x00007ffcc648f000 	C:\Windows\System32\sechost.dll
0x00007ffcc5970000 - 0x00007ffcc5a93000 	C:\Windows\System32\RPCRT4.dll
0x00007ffcc44c0000 - 0x00007ffcc44e7000 	C:\Windows\System32\bcrypt.dll
0x00007ffcc3100000 - 0x00007ffcc314b000 	C:\Windows\SYSTEM32\POWRPROF.dll
0x00007ffcb16f0000 - 0x00007ffcb16f9000 	C:\Windows\SYSTEM32\WSOCK32.dll
0x00007ffcc5280000 - 0x00007ffcc52eb000 	C:\Windows\System32\WS2_32.dll
0x00007ffcb6cf0000 - 0x00007ffcb6d17000 	C:\Windows\SYSTEM32\WINMM.dll
0x00007ffcbb9f0000 - 0x00007ffcbb9fa000 	C:\Windows\SYSTEM32\VERSION.dll
0x00007ffcc2f70000 - 0x00007ffcc2f82000 	C:\Windows\SYSTEM32\UMPDC.dll
0x00007ffcc23b0000 - 0x00007ffcc23c2000 	C:\Windows\SYSTEM32\kernel.appcore.dll
0x00007ffcbc170000 - 0x00007ffcbc17a000 	D:\AndroidStudio\AndroidStudio\jbr\bin\jimage.dll
0x00007ffcc1870000 - 0x00007ffcc1a54000 	C:\Windows\SYSTEM32\DBGHELP.DLL
0x00007ffca7110000 - 0x00007ffca7144000 	C:\Windows\SYSTEM32\dbgcore.DLL
0x00007ffcc4270000 - 0x00007ffcc42f2000 	C:\Windows\System32\bcryptPrimitives.dll
0x00007ffcae360000 - 0x00007ffcae385000 	D:\AndroidStudio\AndroidStudio\jbr\bin\java.dll
0x00007ffcb0500000 - 0x00007ffcb0518000 	D:\AndroidStudio\AndroidStudio\jbr\bin\zip.dll
0x00007ffcc5b80000 - 0x00007ffcc62ed000 	C:\Windows\System32\SHELL32.dll
0x00007ffcc1b00000 - 0x00007ffcc22a4000 	C:\Windows\SYSTEM32\windows.storage.dll
0x00007ffcc4b10000 - 0x00007ffcc4e63000 	C:\Windows\System32\combase.dll
0x00007ffcc35a0000 - 0x00007ffcc35ce000 	C:\Windows\SYSTEM32\Wldp.dll
0x00007ffcc46a0000 - 0x00007ffcc476d000 	C:\Windows\System32\OLEAUT32.dll
0x00007ffcc4550000 - 0x00007ffcc45fd000 	C:\Windows\System32\SHCORE.dll
0x00007ffcc44f0000 - 0x00007ffcc4545000 	C:\Windows\System32\shlwapi.dll
0x00007ffcc3aa0000 - 0x00007ffcc3ac4000 	C:\Windows\SYSTEM32\profapi.dll
0x00007ffcae430000 - 0x00007ffcae449000 	D:\AndroidStudio\AndroidStudio\jbr\bin\net.dll
0x00007ffcbc6d0000 - 0x00007ffcbc7dd000 	C:\Windows\SYSTEM32\WINHTTP.dll
0x00007ffcc3300000 - 0x00007ffcc336a000 	C:\Windows\system32\mswsock.dll
0x00007ffcae250000 - 0x00007ffcae266000 	D:\AndroidStudio\AndroidStudio\jbr\bin\nio.dll
0x00007ffc9d400000 - 0x00007ffc9d410000 	D:\AndroidStudio\AndroidStudio\jbr\bin\verify.dll

dbghelp: loaded successfully - version: 4.0.5 - missing functions: none
symbol engine: initialized successfully - sym options: 0x614 - pdb path: .;D:\AndroidStudio\AndroidStudio\jbr\bin;C:\Windows\SYSTEM32;C:\Windows\WinSxS\amd64_microsoft.windows.common-controls_6595b64144ccf1df_6.0.19041.4355_none_60b8b9eb71f62e16;D:\AndroidStudio\AndroidStudio\jbr\bin\server

VM Arguments:
java_command: org.jetbrains.kotlin.cli.jvm.K2JVMCompiler @D:\School\MobileDev\Bankning-App-UI-main\app\build\20241212_9461590783566074116.compiler.options
java_class_path (initial): C:\Users\Vicen\.gradle\caches\modules-2\files-2.1\org.jetbrains.kotlin\kotlin-compiler-embeddable\1.8.10\b0757fd774344d54ce93f5ad6c30ba1c1731c8ff\kotlin-compiler-embeddable-1.8.10.jar;C:\Users\Vicen\.gradle\caches\modules-2\files-2.1\org.jetbrains.kotlin\kotlin-stdlib\1.8.10\6d5560a229477df9406943d5feda5618e98eb64c\kotlin-stdlib-1.8.10.jar;C:\Users\Vicen\.gradle\caches\modules-2\files-2.1\org.jetbrains.kotlin\kotlin-script-runtime\1.8.10\b13ea9c7e46d589139e56086a878763290e20bd5\kotlin-script-runtime-1.8.10.jar;C:\Users\Vicen\.gradle\caches\modules-2\files-2.1\org.jetbrains.kotlin\kotlin-reflect\1.6.10\1cbe9c92c12a94eea200d23c2bbaedaf3daf5132\kotlin-reflect-1.6.10.jar;C:\Users\Vicen\.gradle\caches\modules-2\files-2.1\org.jetbrains.kotlin\kotlin-daemon-embeddable\1.8.10\ad8541d9bc1cf9e52c3204161247910c2cf601d4\kotlin-daemon-embeddable-1.8.10.jar;C:\Users\Vicen\.gradle\caches\modules-2\files-2.1\org.jetbrains.intellij.deps\trove4j\1.0.20200330\3afb14d5f9ceb459d724e907a21145e8ff394f02\trove4j-1.0.20200330.jar;C:\Users\Vicen\.gradle\caches\modules-2\files-2.1\net.java.dev.jna\jna\5.6.0\330f2244e9030119ab3030fc3fededc86713d9cc\jna-5.6.0.jar;C:\Users\Vicen\.gradle\caches\modules-2\files-2.1\org.jetbrains.kotlin\kotlin-stdlib-common\1.8.10\a61b182458550492c12aee66157d7b524a63a5ec\kotlin-stdlib-common-1.8.10.jar;C:\Users\Vicen\.gradle\caches\modules-2\files-2.1\org.jetbrains\annotations\13.0\919f0dfe192fb4e063e7dacadee7f8bb9a2672a9\annotations-13.0.jar
Launcher Type: SUN_STANDARD

[Global flags]
     intx CICompilerCount                          = 4                                         {product} {ergonomic}
     uint ConcGCThreads                            = 3                                         {product} {ergonomic}
     uint G1ConcRefinementThreads                  = 10                                        {product} {ergonomic}
   size_t G1HeapRegionSize                         = 4194304                                   {product} {ergonomic}
    uintx GCDrainStackTargetSize                   = 64                                        {product} {ergonomic}
   size_t InitialHeapSize                          = 402653184                                 {product} {ergonomic}
   size_t MarkStackSize                            = 4194304                                   {product} {ergonomic}
   size_t MaxHeapSize                              = 6429868032                                {product} {ergonomic}
   size_t MaxNewSize                               = 3854565376                                {product} {ergonomic}
   size_t MinHeapDeltaBytes                        = 4194304                                   {product} {ergonomic}
   size_t MinHeapSize                              = 8388608                                   {product} {ergonomic}
    uintx NonNMethodCodeHeapSize                   = 5839372                                {pd product} {ergonomic}
    uintx NonProfiledCodeHeapSize                  = 122909434                              {pd product} {ergonomic}
    uintx ProfiledCodeHeapSize                     = 122909434                              {pd product} {ergonomic}
    uintx ReservedCodeCacheSize                    = 251658240                              {pd product} {ergonomic}
     bool SegmentedCodeCache                       = true                                      {product} {ergonomic}
   size_t SoftMaxHeapSize                          = 6429868032                             {manageable} {ergonomic}
     bool UseCompressedClassPointers               = true                           {product lp64_product} {ergonomic}
     bool UseCompressedOops                        = true                           {product lp64_product} {ergonomic}
     bool UseG1GC                                  = true                                      {product} {ergonomic}
     bool UseLargePagesIndividualAllocation        = false                                  {pd product} {ergonomic}

Logging:
Log output configuration:
 #0: stdout all=warning uptime,level,tags
 #1: stderr all=off uptime,level,tags

Environment Variables:
JAVA_HOME=D:\AndroidStudio\AndroidStudio\jbr
PATH=C:\Windows\System32;C:\msys64\mingw64\bin;C:\Program Files\nodejs;D:\AndroidStudio\AndroidSDK\platform-tools;C:\ProgramData\chocolatey\bin;C:\Program Files\Git\cmd;C:\Program Files\nodejs
USERNAME=Vicen
OS=Windows_NT
PROCESSOR_IDENTIFIER=AMD64 Family 23 Model 113 Stepping 0, AuthenticAMD
TMP=C:\Users\Vicen\AppData\Local\Temp
TEMP=C:\Users\Vicen\AppData\Local\Temp



Periodic native trim disabled

JNI global refs:
JNI global refs: 12, weak refs: 0

JNI global refs memory usage: 843, weak refs: 841

Process memory usage:
Resident Set Size: 415028K (1% of 25108840K total physical memory with 4376556K free physical memory)

OOME stack traces (most recent first):
Classloader memory used:
Loader jdk.internal.loader.ClassLoaders$AppClassLoader                                 : 6218K
Loader bootstrap                                                                       : 1627K
Loader java.net.URLClassLoader                                                         : 53638B
Loader jdk.internal.loader.ClassLoaders$PlatformClassLoader                            : 34452B
Loader jdk.internal.reflect.DelegatingClassLoader                                      : 19621B


---------------  S Y S T E M  ---------------

OS:
 Windows 10 , 64 bit Build 19041 (10.0.19041.5072)
OS uptime: 0 days 4:05 hours

CPU: total 12 (initial active 12) (12 cores per cpu, 2 threads per core) family 23 model 113 stepping 0 microcode 0x0, cx8, cmov, fxsr, ht, mmx, 3dnowpref, sse, sse2, sse3, ssse3, sse4a, sse4.1, sse4.2, popcnt, lzcnt, tsc, tscinvbit, avx, avx2, aes, clmul, bmi1, bmi2, adx, sha, fma, vzeroupper, clflush, clflushopt
Processor Information for all 12 processors :
  Max Mhz: 3593, Current Mhz: 3593, Mhz Limit: 3593

Memory: 4k page, system-wide physical 24520M (4273M free)
TotalPageFile size 33164M (AvailPageFile size 9M)
current process WorkingSet (physical memory assigned to process): 405M, peak: 406M
current process commit charge ("private bytes"): 647M, peak: 652M

vm_info: OpenJDK 64-Bit Server VM (17.0.11+0--11852314) for windows-amd64 JRE (17.0.11+0--11852314), built on May 16 2024 21:29:20 by "androidbuild" with MS VC++ 16.10 / 16.11 (VS2019)

END.
